\BOOKMARK [0][]{titlepage.0}{\376\377\000W\000e\000b\000o\000v\000\375\000\040\0003\000D\000\040\000s\000i\000m\000u\000l\000\341\000t\000o\000r\000\040\000t\001\033\000l\000e\000s\000\040\000v\000e\000\040\000v\000e\000s\000m\000\355\000r\000u}{}% 1
\BOOKMARK [1][]{annotation.1}{\376\377\000A\000n\000o\000t\000a\000c\000e}{titlepage.0}% 2
\BOOKMARK [1][]{contents.1}{\376\377\000O\000b\000s\000a\000h}{titlepage.0}% 3
\BOOKMARK [1][]{section*.4}{\376\377\000S\000e\000z\000n\000a\000m\000\040\000o\000b\000r\000\341\000z\000k\001\157}{titlepage.0}% 4
\BOOKMARK [1][]{section*.5}{\376\377\000S\000e\000z\000n\000a\000m\000\040\000z\000k\000r\000a\000t\000e\000k}{titlepage.0}% 5
\BOOKMARK [1][]{section*.6}{\376\377\000\332\000v\000o\000d}{titlepage.0}% 6
\BOOKMARK [1][]{section.1}{\376\377\0001\000\040\0003\000D\000\040\000s\000i\000m\000u\000l\000a\000c\000e\000\040\000a\000\040\000j\000e\000j\000i\000c\000h\000\040\001\131\000e\001\141\000e\000n\000\355}{titlepage.0}% 7
\BOOKMARK [2][-]{subsection.1.1}{\376\377\0001\000.\0001\000\040\000P\000r\000i\000n\000c\000i\000p\000y\000\040\000p\000o\001\015\000\355\000t\000a\001\015\000o\000v\000\351\000\040\0003\000D\000\040\000g\000r\000a\000f\000i\000k\000y}{section.1}% 8
\BOOKMARK [3][-]{subsubsection.1.1.1}{\376\377\0001\000.\0001\000.\0001\000\040\000P\000i\000x\000e\000l}{subsection.1.1}% 9
\BOOKMARK [3][-]{subsubsection.1.1.2}{\376\377\0001\000.\0001\000.\0002\000\040\000A\000n\000t\000i\000a\000l\000i\000a\000s\000i\000n\000g}{subsection.1.1}% 10
\BOOKMARK [3][-]{subsubsection.1.1.3}{\376\377\0001\000.\0001\000.\0003\000\040\000B\000a\000r\000e\000v\000n\000\351\000\040\000m\000o\000d\000e\000l\000y}{subsection.1.1}% 11
\BOOKMARK [3][-]{subsubsection.1.1.4}{\376\377\0001\000.\0001\000.\0004\000\040\000M\000o\000d\000e\000l\000o\000v\000\341\000n\000\355}{subsection.1.1}% 12
\BOOKMARK [3][-]{subsubsection.1.1.5}{\376\377\0001\000.\0001\000.\0005\000\040\000V\000i\000z\000u\000a\000l\000i\000z\000a\000c\000e}{subsection.1.1}% 13
\BOOKMARK [3][-]{subsubsection.1.1.6}{\376\377\0001\000.\0001\000.\0006\000\040\000O\000b\000r\000a\000z}{subsection.1.1}% 14
\BOOKMARK [3][-]{subsubsection.1.1.7}{\376\377\0001\000.\0001\000.\0007\000\040\000S\000c\000\351\000n\000a\000,\000\040\000k\000a\000m\000e\000r\000a\000\040\000a\000\040\000r\000e\000n\000d\000e\000r\000e\000r}{subsection.1.1}% 15
\BOOKMARK [2][-]{subsection.1.2}{\376\377\0001\000.\0002\000\040\000W\000e\000b\000G\000L}{section.1}% 16
\BOOKMARK [3][-]{subsubsection.1.2.1}{\376\377\0001\000.\0002\000.\0001\000\040\000G\000r\000a\000f\000i\000c\000k\000\375\000\040\001\131\000e\000t\001\033\000z\000e\000c}{subsection.1.2}% 17
\BOOKMARK [3][-]{subsubsection.1.2.2}{\376\377\0001\000.\0002\000.\0002\000\040\000S\000h\000a\000d\000e\000r}{subsection.1.2}% 18
\BOOKMARK [3][-]{subsubsection.1.2.3}{\376\377\0001\000.\0002\000.\0003\000\040\000K\000o\000n\000t\000e\000x\000t}{subsection.1.2}% 19
\BOOKMARK [2][-]{subsection.1.3}{\376\377\0001\000.\0003\000\040\000S\000i\000m\000u\000l\000a\000c\000e\000\040\000a\000\040\000e\000m\000u\000l\000a\000c\000e}{section.1}% 20
\BOOKMARK [1][]{section.2}{\376\377\0002\000\040\000P\000o\000u\001\176\000i\000t\000\351\000\040\000t\000e\000c\000h\000n\000o\000l\000o\000g\000i\000e}{titlepage.0}% 21
\BOOKMARK [2][-]{subsection.2.1}{\376\377\0002\000.\0001\000\040\000J\000a\000z\000y\000k\000\040\000T\000y\000p\000e\000S\000c\000r\000i\000p\000t}{section.2}% 22
\BOOKMARK [2][-]{subsection.2.2}{\376\377\0002\000.\0002\000\040\000K\000n\000i\000h\000o\000v\000n\000a\000\040\000R\000e\000a\000c\000t}{section.2}% 23
\BOOKMARK [3][-]{subsubsection.2.2.1}{\376\377\0002\000.\0002\000.\0001\000\040\000S\000y\000n\000t\000a\000x\000e\000\040\000T\000S\000X}{subsection.2.2}% 24
\BOOKMARK [2][-]{subsection.2.3}{\376\377\0002\000.\0003\000\040\000K\000n\000i\000h\000o\000v\000n\000a\000\040\000T\000h\000r\000e\000e\000.\000j\000s}{section.2}% 25
\BOOKMARK [2][-]{subsection.2.4}{\376\377\0002\000.\0004\000\040\000F\000r\000a\000m\000e\000w\000o\000r\000k\000\040\000N\000o\000d\000e\000.\000j\000s}{section.2}% 26
\BOOKMARK [2][-]{subsection.2.5}{\376\377\0002\000.\0005\000\040\000D\000a\000t\000a\000b\000\341\000z\000e\000\040\000M\000o\000n\000g\000o\000D\000B}{section.2}% 27
\BOOKMARK [2][-]{subsection.2.6}{\376\377\0002\000.\0006\000\040\000K\000n\000i\000h\000o\000v\000n\000a\000\040\000M\000o\000n\000g\000o\000o\000s\000e}{section.2}% 28
\BOOKMARK [2][-]{subsection.2.7}{\376\377\0002\000.\0007\000\040\000N\000\341\000s\000t\000r\000o\000j\000\040\000S\000w\000a\000g\000g\000e\000r\000\040\000U\000I}{section.2}% 29
\BOOKMARK [2][-]{subsection.2.8}{\376\377\0002\000.\0008\000\040\000N\000\341\000s\000t\000r\000o\000j\000\040\000W\000e\000b\000p\000a\000c\000k}{section.2}% 30
\BOOKMARK [2][-]{subsection.2.9}{\376\377\0002\000.\0009\000\040\000V\000e\000r\000z\000o\000v\000a\000c\000\355\000\040\000s\000y\000s\000t\000\351\000m\000\040\000G\000i\000t}{section.2}% 31
\BOOKMARK [2][-]{subsection.2.10}{\376\377\0002\000.\0001\0000\000\040\000B\000a\000l\000\355\001\015\000k\000o\000v\000a\000c\000\355\000\040\000s\000y\000s\000t\000\351\000m\000\040\000N\000P\000M}{section.2}% 32
\BOOKMARK [2][-]{subsection.2.11}{\376\377\0002\000.\0001\0001\000\040\000P\000r\000e\000p\000r\000o\000c\000e\000s\000o\000r\000\040\000S\000A\000S\000S}{section.2}% 33
\BOOKMARK [1][]{section.3}{\376\377\0003\000\040\000N\000\341\000v\000r\000h\000\040\000a\000\040\000v\000\375\000v\000o\000j\000\040\000a\000p\000l\000i\000k\000a\000c\000e}{titlepage.0}% 34
\BOOKMARK [2][-]{subsection.3.1}{\376\377\0003\000.\0001\000\040\000S\000t\000r\000u\000k\000t\000u\000r\000a\000\040\000p\000r\000o\000j\000e\000k\000t\000u}{section.3}% 35
\BOOKMARK [2][-]{subsection.3.2}{\376\377\0003\000.\0002\000\040\000U\001\176\000i\000v\000a\000t\000e\000l\000s\000k\000\351\000\040\000r\000o\000z\000h\000r\000a\000n\000\355}{section.3}% 36
\BOOKMARK [3][-]{subsubsection.3.2.1}{\376\377\0003\000.\0002\000.\0001\000\040\000A\000k\000c\000e}{subsection.3.2}% 37
\BOOKMARK [3][-]{subsubsection.3.2.2}{\376\377\0003\000.\0002\000.\0002\000\040\000R\000e\000d\000u\000c\000e\000r}{subsection.3.2}% 38
\BOOKMARK [2][-]{subsection.3.3}{\376\377\0003\000.\0003\000\040\0003\000D\000\040\000g\000r\000a\000f\000i\000k\000a}{section.3}% 39
\BOOKMARK [3][-]{subsubsection.3.3.1}{\376\377\0003\000.\0003\000.\0001\000\040\000T\001\033\000l\000e\000s\000o}{subsection.3.3}% 40
\BOOKMARK [3][-]{subsubsection.3.3.2}{\376\377\0003\000.\0003\000.\0002\000\040\000O\000r\000b\000i\000t\000a}{subsection.3.3}% 41
\BOOKMARK [3][-]{subsubsection.3.3.3}{\376\377\0003\000.\0003\000.\0003\000\040\000S\000v\001\033\000t\000l\000o}{subsection.3.3}% 42
\BOOKMARK [3][-]{subsubsection.3.3.4}{\376\377\0003\000.\0003\000.\0004\000\040\000P\000r\000s\000t\000e\000n\000c\000e}{subsection.3.3}% 43
\BOOKMARK [3][-]{subsubsection.3.3.5}{\376\377\0003\000.\0003\000.\0005\000\040\000P\000o\000p\000i\000s\000e\000k}{subsection.3.3}% 44
\BOOKMARK [3][-]{subsubsection.3.3.6}{\376\377\0003\000.\0003\000.\0006\000\040\001\014\000\341\000s\000t\000i\000c\000e}{subsection.3.3}% 45
\BOOKMARK [3][-]{subsubsection.3.3.7}{\376\377\0003\000.\0003\000.\0007\000\040\000O\000m\000e\000z\000e\000n\000\355}{subsection.3.3}% 46
\BOOKMARK [2][-]{subsection.3.4}{\376\377\0003\000.\0004\000\040\000S\000e\000r\000v\000e\000r\000o\000v\000\341\000\040\001\015\000\341\000s\000t}{section.3}% 47
\BOOKMARK [3][-]{subsubsection.3.4.1}{\376\377\0003\000.\0004\000.\0001\000\040\000Z\000a\000c\000h\000y\000c\000e\000n\000\355\000\040\000H\000T\000T\000P\000\040\000p\000o\001\176\000a\000d\000a\000v\000k\000u}{subsection.3.4}% 48
\BOOKMARK [3][-]{subsubsection.3.4.2}{\376\377\0003\000.\0004\000.\0002\000\040\000Z\000p\000r\000a\000c\000o\000v\000\341\000n\000\355\000\040\000H\000T\000T\000P\000\040\000p\000o\001\176\000a\000d\000a\000v\000k\000u}{subsection.3.4}% 49
\BOOKMARK [2][-]{subsection.3.5}{\376\377\0003\000.\0005\000\040\000D\000a\000t\000a\000b\000\341\000z\000e}{section.3}% 50
\BOOKMARK [3][-]{subsubsection.3.5.1}{\376\377\0003\000.\0005\000.\0001\000\040\000P\001\131\000i\000p\000o\000j\000e\000n\000\355\000\040\000d\000o\000\040\000d\000a\000t\000a\000b\000\341\000z\000e}{subsection.3.5}% 51
\BOOKMARK [3][-]{subsubsection.3.5.2}{\376\377\0003\000.\0005\000.\0002\000\040\000M\000o\000n\000g\000o\000o\000s\000e\000\040\000s\000c\000h\000\351\000m\000a}{subsection.3.5}% 52
\BOOKMARK [3][-]{subsubsection.3.5.3}{\376\377\0003\000.\0005\000.\0003\000\040\000M\000o\000n\000g\000o\000o\000s\000e\000\040\000p\000l\000u\000g\000i\000n}{subsection.3.5}% 53
\BOOKMARK [3][-]{subsubsection.3.5.4}{\376\377\0003\000.\0005\000.\0004\000\040\000Z\000\341\000k\000l\000a\000d\000n\000\355\000\040\000p\000r\000\341\000c\000e\000\040\000s\000\040\000d\000a\000t\000a\000b\000\341\000z\000\355}{subsection.3.5}% 54
\BOOKMARK [3][-]{subsubsection.3.5.5}{\376\377\0003\000.\0005\000.\0005\000\040\000A\000g\000g\000r\000e\000g\000a\000t\000i\000o\000n\000\040\000F\000r\000a\000m\000e\000w\000o\000r\000k}{subsection.3.5}% 55
\BOOKMARK [1][]{section.4}{\376\377\0004\000\040\000R\000o\000z\000v\000r\001\176\000e\000n\000\355\000\040\000a\000p\000l\000i\000k\000a\000c\000e}{titlepage.0}% 56
\BOOKMARK [2][-]{subsection.4.1}{\376\377\0004\000.\0001\000\040\000H\000l\000a\000v\000n\000\355\000\040\000s\000t\000r\000\341\000n\000k\000a}{section.4}% 57
\BOOKMARK [2][-]{subsection.4.2}{\376\377\0004\000.\0002\000\040\000A\000u\000t\000e\000n\000t\000i\000f\000i\000k\000a\000c\000e\000\040\000u\001\176\000i\000v\000a\000t\000e\000l\000e}{section.4}% 58
\BOOKMARK [3][-]{subsubsection.4.2.1}{\376\377\0004\000.\0002\000.\0001\000\040\000I\000d\000e\000n\000t\000i\000t\000a}{subsection.4.2}% 59
\BOOKMARK [3][-]{subsubsection.4.2.2}{\376\377\0004\000.\0002\000.\0002\000\040\000P\001\131\000i\000h\000l\000\341\001\141\000e\000n\000\355}{subsection.4.2}% 60
\BOOKMARK [3][-]{subsubsection.4.2.3}{\376\377\0004\000.\0002\000.\0003\000\040\000R\000e\000g\000i\000s\000t\000r\000a\000c\000e}{subsection.4.2}% 61
\BOOKMARK [3][-]{subsubsection.4.2.4}{\376\377\0004\000.\0002\000.\0004\000\040\000Z\000a\000p\000o\000m\000e\000n\000u\000t\000\351\000\040\000h\000e\000s\000l\000o}{subsection.4.2}% 62
\BOOKMARK [3][-]{subsubsection.4.2.5}{\376\377\0004\000.\0002\000.\0005\000\040\000R\000e\000s\000e\000t\000\040\000h\000e\000s\000l\000a}{subsection.4.2}% 63
\BOOKMARK [2][-]{subsection.4.3}{\376\377\0004\000.\0003\000\040\000U\001\176\000i\000v\000a\000t\000e\000l}{section.4}% 64
\BOOKMARK [3][-]{subsubsection.4.3.1}{\376\377\0004\000.\0003\000.\0001\000\040\000D\000e\000t\000a\000i\000l\000\040\000u\001\176\000i\000v\000a\000t\000e\000l\000e}{subsection.4.3}% 65
\BOOKMARK [3][-]{subsubsection.4.3.2}{\376\377\0004\000.\0003\000.\0002\000\040\000E\000d\000i\000t\000a\000c\000e\000\040\000u\001\176\000i\000v\000a\000t\000e\000l\000e}{subsection.4.3}% 66
\BOOKMARK [2][-]{subsection.4.4}{\376\377\0004\000.\0004\000\040\000S\000i\000m\000u\000l\000\341\000t\000o\000r}{section.4}% 67
\BOOKMARK [2][-]{subsection.4.5}{\376\377\0004\000.\0005\000\040\000U\001\176\000i\000v\000a\000t\000e\000l\000s\000k\000\375\000\040\000p\000a\000n\000e\000l}{section.4}% 68
\BOOKMARK [3][-]{subsubsection.4.5.1}{\376\377\0004\000.\0005\000.\0001\000\040\000P\001\131\000e\000h\000l\000e\000d}{subsection.4.5}% 69
\BOOKMARK [3][-]{subsubsection.4.5.2}{\376\377\0004\000.\0005\000.\0002\000\040\000S\000e\000z\000n\000a\000m\000\040\000t\001\033\000l\000e\000s}{subsection.4.5}% 70
\BOOKMARK [3][-]{subsubsection.4.5.3}{\376\377\0004\000.\0005\000.\0003\000\040\000D\000e\000t\000a\000i\000l\000\040\000t\001\033\000l\000e\000s\000a}{subsection.4.5}% 71
\BOOKMARK [2][-]{subsection.4.6}{\376\377\0004\000.\0006\000\040\000P\000o\000d\000m\000\355\000n\000k\000y\000\040\000u\001\176\000i\000t\000\355}{section.4}% 72
\BOOKMARK [1][]{section.5}{\376\377\0005\000\040\000P\000r\000o\000b\000l\000\351\000m\000y\000\040\001\131\000e\001\141\000e\000n\000\351\000\040\000p\001\131\000i\000\040\000i\000m\000p\000l\000e\000m\000e\000n\000t\000a\000c\000i}{titlepage.0}% 73
\BOOKMARK [2][-]{subsection.5.1}{\376\377\0005\000.\0001\000\040\000O\000m\000e\000z\000e\000n\000\355\000\040\000v\000i\000d\000i\000t\000e\000l\000n\000o\000s\000t\000i\000\040\000t\001\033\000l\000e\000s}{section.5}% 74
\BOOKMARK [2][-]{subsection.5.2}{\376\377\0005\000.\0002\000\040\000S\000e\000s\000t\000a\000v\000e\000n\000\355\000\040\000a\000p\000l\000i\000k\000a\000c\000e\000\040\000a\000\040\000o\000p\000t\000i\000m\000a\000l\000i\000z\000a\000c\000e}{section.5}% 75
\BOOKMARK [3][-]{subsubsection.5.2.1}{\376\377\0005\000.\0002\000.\0001\000\040\000T\000r\000a\000n\000s\000p\000i\000l\000a\000c\000e\000\040\000a\000\040\000s\000l\000o\000u\001\015\000e\000n\000\355\000\040\000J\000S\000\040\000a\000\040\000C\000S\000S\000\040\000s\000o\000u\000b\000o\000r\001\157}{subsection.5.2}% 76
\BOOKMARK [3][-]{subsubsection.5.2.2}{\376\377\0005\000.\0002\000.\0002\000\040\000M\000i\000n\000i\000f\000i\000k\000a\000c\000e\000\040\000a\000\040\000k\000o\000m\000p\000r\000e\000s\000e\000\040\000G\000Z\000I\000P}{subsection.5.2}% 77
\BOOKMARK [2][-]{subsection.5.3}{\376\377\0005\000.\0003\000\040\000B\000e\000z\000p\000e\001\015\000n\000o\000s\000t\000\040\000a\000\040\000o\000c\000h\000r\000a\000n\000a\000\040\000d\000a\000t}{section.5}% 78
\BOOKMARK [3][-]{subsubsection.5.3.1}{\376\377\0005\000.\0003\000.\0001\000\040\000A\000u\000t\000e\000n\000t\000i\000z\000a\000c\000e\000\040\000p\000o\000m\000o\000c\000\355\000\040\000t\000o\000k\000e\000n\000u}{subsection.5.3}% 79
\BOOKMARK [3][-]{subsubsection.5.3.2}{\376\377\0005\000.\0003\000.\0002\000\040\000H\000a\000s\000h\000o\000v\000\341\000n\000\355\000\040\000h\000e\000s\000e\000l}{subsection.5.3}% 80
\BOOKMARK [2][-]{subsection.5.4}{\376\377\0005\000.\0004\000\040\000Z\000o\000b\000r\000a\000z\000o\000v\000\341\000n\000\355\000\040\000h\000o\000d\000n\000o\000t\000\040\000f\000y\000z\000i\000k\000\341\000l\000n\000\355\000c\000h\000\040\000v\000e\000l\000i\001\015\000i\000n}{section.5}% 81
\BOOKMARK [2][-]{subsection.5.5}{\376\377\0005\000.\0005\000\040\000V\000y\000k\000r\000e\000s\000l\000o\000v\000\341\000n\000\355\000\040\001\015\000a\000s\000o\000v\000\351\000\040\000o\000s\000y}{section.5}% 82
\BOOKMARK [1][]{section*.23}{\376\377\000Z\000\341\000v\001\033\000r}{titlepage.0}% 83
\BOOKMARK [1][]{section*.24}{\376\377\000P\000o\000u\001\176\000i\000t\000\341\000\040\000l\000i\000t\000e\000r\000a\000t\000u\000r\000a}{titlepage.0}% 84
\BOOKMARK [1][]{section*.25}{\376\377\000S\000e\000z\000n\000a\000m\000\040\000p\001\131\000\355\000l\000o\000h}{titlepage.0}% 85
